<?xml version="1.0" encoding="UTF-8"?>
<testng-results ignored="0" total="1" passed="1" failed="0" skipped="0">
  <reporter-output>
  </reporter-output>
  <suite started-at="2023-12-19T14:38:17 IST" name="Default suite" finished-at="2023-12-19T14:38:35 IST" duration-ms="18879">
    <groups>
    </groups>
    <test started-at="2023-12-19T14:38:17 IST" name="Default test" finished-at="2023-12-19T14:38:35 IST" duration-ms="18879">
      <class name="My_InternshalaAssignment.Automation.Sample">
        <test-method is-config="true" signature="setUp()[pri:0, instance:My_InternshalaAssignment.Automation.Sample@4f6ee6e4]" started-at="2023-12-19T14:38:17 IST" name="setUp" finished-at="2023-12-19T14:38:27 IST" duration-ms="10026" status="PASS">
          <reporter-output>
          </reporter-output>
        </test-method> <!-- setUp -->
        <test-method signature="login()[pri:0, instance:My_InternshalaAssignment.Automation.Sample@4f6ee6e4]" started-at="2023-12-19T14:38:27 IST" name="login" finished-at="2023-12-19T14:38:34 IST" duration-ms="7413" status="PASS">
          <reporter-output>
          </reporter-output>
        </test-method> <!-- login -->
        <test-method is-config="true" signature="quit()[pri:0, instance:My_InternshalaAssignment.Automation.Sample@4f6ee6e4]" started-at="2023-12-19T14:38:34 IST" name="quit" finished-at="2023-12-19T14:38:35 IST" duration-ms="1315" status="PASS">
          <reporter-output>
          </reporter-output>
        </test-method> <!-- quit -->
      </class> <!-- My_InternshalaAssignment.Automation.Sample -->
    </test> <!-- Default test -->
  </suite> <!-- Default suite -->
</testng-results>
